#options: 1280x720 fps=30/1 timebase=1/30 bitdepth=8 cabac=1 ref=1 deblock=1:0:0 analyse=0x1:0 me=dia subme=2 psy=1 psy_rd=1.00:0.00 mixed_ref=0 me_range=16 chroma_me=1 trellis=0 8x8dct=0 cqm=0 deadzone=21,11 fast_pskip=1 chroma_qp_offset=0 threads=22 lookahead_threads=5 sliced_threads=0 nr=0 decimate=1 interlaced=0 bluray_compat=0 constrained_intra=0 bframes=3 b_pyramid=2 b_adapt=1 b_bias=0 direct=3 weightb=1 open_gop=0 weightp=2 keyint=250 keyint_min=25 scenecut=40 intra_refresh=0 rc_lookahead=50 rc=abr mbtree=1 bitrate=2400 ratetol=1.0 qcomp=0.60 qpmin=0 qpmax=69 qpstep=4 ip_ratio=1.40 aq=1:1.00
in:0 out:0 type:I dur:2 cpbdur:2 q:28.39 aq:16.33 tex:53783 mv:17411 misc:174 imb:3600 pmb:0 smb:0 d:- ref:;
in:1 out:1 type:P dur:2 cpbdur:2 q:28.47 aq:20.05 tex:188968 mv:17052 misc:1004 imb:2233 pmb:912 smb:455 d:- ref:0 ;
in:3 out:2 type:P dur:2 cpbdur:2 q:28.60 aq:21.10 tex:126623 mv:19095 misc:442 imb:2572 pmb:1025 smb:3 d:- ref:0 w:4,19,-47,6,73,-20,64,0 ;
in:2 out:3 type:b dur:2 cpbdur:2 q:28.54 aq:21.56 tex:10828 mv:5709 misc:991 imb:71 pmb:3144 smb:385 d:s ref:0 ;
in:4 out:4 type:P dur:2 cpbdur:2 q:28.63 aq:21.44 tex:192522 mv:22026 misc:452 imb:2338 pmb:1261 smb:1 d:- ref:0 w:6,75,-44,6,73,-19,64,0 ;
in:6 out:5 type:P dur:2 cpbdur:2 q:28.74 aq:23.26 tex:335960 mv:25074 misc:502 imb:2128 pmb:1472 smb:0 d:- ref:0 w:5,39,-65,5,39,-28,32,0 ;
in:5 out:6 type:b dur:2 cpbdur:2 q:28.68 aq:24.68 tex:11031 mv:7558 misc:2203 imb:377 pmb:625 smb:2598 d:s ref:0 ;
in:8 out:7 type:P dur:2 cpbdur:2 q:29.15 aq:23.89 tex:224336 mv:22261 misc:563 imb:1248 pmb:2322 smb:30 d:- ref:0 w:0,1,-10 ;
in:7 out:8 type:b dur:2 cpbdur:2 q:28.95 aq:25.10 tex:2059 mv:4912 misc:685 imb:34 pmb:3441 smb:125 d:s ref:0 ;
in:11 out:9 type:P dur:2 cpbdur:2 q:29.40 aq:24.35 tex:570160 mv:26457 misc:511 imb:1384 pmb:2216 smb:0 d:- ref:0 w:7,121,-23,5,32,0,33,-8 ;
in:9 out:10 type:B dur:2 cpbdur:2 q:29.23 aq:26.72 tex:51501 mv:11414 misc:2453 imb:547 pmb:1797 smb:1256 d:s ref:0 ;
in:10 out:11 type:b dur:2 cpbdur:2 q:29.32 aq:27.82 tex:9905 mv:1088 misc:2455 imb:25 pmb:860 smb:2715 d:- ref:0 ;
in:13 out:12 type:P dur:2 cpbdur:2 q:30.49 aq:25.35 tex:232151 mv:17041 misc:600 imb:512 pmb:3050 smb:38 d:- ref:0 w:6,65,-6,7,126,2,123,4 ;
in:12 out:13 type:b dur:2 cpbdur:2 q:29.94 aq:29.01 tex:1129 mv:2215 misc:1864 imb:3 pmb:2221 smb:1376 d:s ref:0 ;
in:16 out:14 type:P dur:2 cpbdur:2 q:30.74 aq:25.56 tex:664932 mv:21801 misc:443 imb:855 pmb:2745 smb:0 d:- ref:0 w:5,37,-38,6,64,0,59,8 ;
in:14 out:15 type:B dur:2 cpbdur:2 q:30.57 aq:29.27 tex:4343 mv:2238 misc:1939 imb:8 pmb:528 smb:3064 d:s ref:0 ;
in:15 out:16 type:b dur:2 cpbdur:2 q:30.66 aq:31.41 tex:4010 mv:1144 misc:1262 imb:1 pmb:294 smb:3305 d:- ref:0 ;
in:20 out:17 type:P dur:2 cpbdur:2 q:31.74 aq:27.09 tex:592978 mv:10559 misc:391 imb:142 pmb:3444 smb:14 d:- ref:0 w:3,9,-23 ;
in:18 out:18 type:B dur:2 cpbdur:2 q:31.24 aq:30.62 tex:4296 mv:4005 misc:1939 imb:0 pmb:628 smb:2972 d:s ref:0 ;
in:17 out:19 type:b dur:2 cpbdur:2 q:30.99 aq:34.38 tex:157 mv:1836 misc:1799 imb:0 pmb:574 smb:3026 d:s ref:0 ;
in:19 out:20 type:b dur:2 cpbdur:2 q:31.49 aq:31.37 tex:707 mv:1384 misc:1589 imb:0 pmb:360 smb:3240 d:- ref:0 ;
in:22 out:21 type:P dur:2 cpbdur:2 q:32.29 aq:27.33 tex:280504 mv:6562 misc:814 imb:1 pmb:3509 smb:90 d:- ref:0 w:6,65,-4 ;
in:21 out:22 type:b dur:2 cpbdur:2 q:32.01 aq:35.00 tex:87 mv:239 misc:522 imb:0 pmb:51 smb:3549 d:s ref:0 ;
in:23 out:23 type:P dur:2 cpbdur:2 q:36.04 aq:30.38 tex:967 mv:103 misc:626 imb:0 pmb:64 smb:3536 d:- ref:0 ;
in:27 out:24 type:P dur:2 cpbdur:2 q:36.57 aq:31.63 tex:71683 mv:5887 misc:2982 imb:11 pmb:2289 smb:1300 d:s ref:0 w:5,33,-6 ;
in:25 out:25 type:B dur:2 cpbdur:2 q:36.30 aq:38.00 tex:586 mv:775 misc:551 imb:0 pmb:65 smb:3535 d:t ref:0 ;
in:24 out:26 type:b dur:2 cpbdur:2 q:36.17 aq:40.00 tex:0 mv:0 misc:224 imb:0 pmb:0 smb:3600 d:s ref:0 ;
in:26 out:27 type:b dur:2 cpbdur:2 q:36.44 aq:40.00 tex:0 mv:0 misc:224 imb:0 pmb:0 smb:3600 d:- ref:0 ;
in:31 out:28 type:P dur:2 cpbdur:2 q:37.60 aq:33.02 tex:24963 mv:4401 misc:3356 imb:1 pmb:1403 smb:2196 d:s ref:0 ;
in:29 out:29 type:B dur:2 cpbdur:2 q:37.09 aq:39.00 tex:9 mv:251 misc:396 imb:0 pmb:27 smb:3573 d:s ref:0 ;
in:28 out:30 type:b dur:2 cpbdur:2 q:36.83 aq:40.00 tex:1 mv:3 misc:236 imb:0 pmb:1 smb:3599 d:s ref:0 ;
in:30 out:31 type:b dur:2 cpbdur:2 q:37.35 aq:41.00 tex:0 mv:0 misc:224 imb:0 pmb:0 smb:3600 d:- ref:0 ;
in:35 out:32 type:P dur:2 cpbdur:2 q:39.30 aq:35.35 tex:9994 mv:3290 misc:2732 imb:0 pmb:827 smb:2773 d:s ref:0 ;
in:33 out:33 type:B dur:2 cpbdur:2 q:38.45 aq:39.00 tex:155 mv:384 misc:461 imb:0 pmb:43 smb:3557 d:s ref:0 ;
in:32 out:34 type:b dur:2 cpbdur:2 q:38.03 aq:41.00 tex:0 mv:0 misc:224 imb:0 pmb:0 smb:3600 d:s ref:0 ;
in:34 out:35 type:b dur:2 cpbdur:2 q:38.88 aq:42.00 tex:0 mv:0 misc:224 imb:0 pmb:0 smb:3600 d:- ref:0 ;
in:37 out:36 type:P dur:2 cpbdur:2 q:40.26 aq:36.37 tex:11817 mv:3869 misc:2978 imb:3 pmb:1003 smb:2594 d:s ref:0 ;
in:36 out:37 type:b dur:2 cpbdur:2 q:39.78 aq:43.00 tex:0 mv:0 misc:224 imb:0 pmb:0 smb:3600 d:s ref:0 ;
in:41 out:38 type:P dur:2 cpbdur:2 q:38.64 aq:34.35 tex:60423 mv:7740 misc:3165 imb:22 pmb:2208 smb:1370 d:s ref:0 ;
in:39 out:39 type:B dur:2 cpbdur:2 q:39.45 aq:41.00 tex:2 mv:86 misc:288 imb:0 pmb:7 smb:3593 d:t ref:0 ;
in:38 out:40 type:b dur:2 cpbdur:2 q:39.86 aq:43.00 tex:0 mv:0 misc:224 imb:0 pmb:0 smb:3600 d:s ref:0 ;
in:40 out:41 type:b dur:2 cpbdur:2 q:39.05 aq:42.00 tex:1 mv:6 misc:233 imb:0 pmb:1 smb:3599 d:- ref:0 ;
in:45 out:42 type:P dur:2 cpbdur:2 q:38.57 aq:34.56 tex:56313 mv:6544 misc:3383 imb:23 pmb:2067 smb:1510 d:s ref:0 ;
in:43 out:43 type:B dur:2 cpbdur:2 q:38.61 aq:39.40 tex:144 mv:612 misc:572 imb:0 pmb:67 smb:3533 d:t ref:0 ;
in:42 out:44 type:b dur:2 cpbdur:2 q:38.63 aq:42.00 tex:0 mv:0 misc:224 imb:0 pmb:0 smb:3600 d:s ref:0 ;
in:44 out:45 type:b dur:2 cpbdur:2 q:38.59 aq:42.00 tex:0 mv:0 misc:224 imb:0 pmb:0 smb:3600 d:- ref:0 ;
in:47 out:46 type:P dur:2 cpbdur:2 q:37.93 aq:33.48 tex:89985 mv:7842 misc:2925 imb:9 pmb:2697 smb:894 d:s ref:0 w:6,65,-2 ;
in:46 out:47 type:b dur:2 cpbdur:2 q:38.25 aq:41.00 tex:0 mv:5 misc:235 imb:0 pmb:1 smb:3599 d:t ref:0 ;
in:51 out:48 type:P dur:2 cpbdur:2 q:37.14 aq:32.81 tex:105999 mv:8274 misc:2703 imb:19 pmb:2812 smb:769 d:s ref:0 ;
in:49 out:49 type:B dur:2 cpbdur:2 q:37.53 aq:40.00 tex:86 mv:216 misc:338 imb:0 pmb:18 smb:3582 d:s ref:0 ;
in:48 out:50 type:b dur:2 cpbdur:2 q:37.73 aq:41.00 tex:0 mv:0 misc:224 imb:0 pmb:0 smb:3600 d:s ref:0 ;
in:50 out:51 type:b dur:2 cpbdur:2 q:37.34 aq:41.00 tex:0 mv:0 misc:224 imb:0 pmb:0 smb:3600 d:- ref:0 ;
in:55 out:52 type:P dur:2 cpbdur:2 q:35.64 aq:31.34 tex:230858 mv:9583 misc:1135 imb:21 pmb:3407 smb:172 d:s ref:0 w:6,65,-2 ;
in:53 out:53 type:B dur:2 cpbdur:2 q:36.39 aq:37.00 tex:466 mv:893 misc:697 imb:0 pmb:92 smb:3508 d:s ref:0 ;
in:52 out:54 type:b dur:2 cpbdur:2 q:36.76 aq:40.00 tex:0 mv:3 misc:237 imb:0 pmb:1 smb:3599 d:s ref:0 ;
in:54 out:55 type:b dur:2 cpbdur:2 q:36.01 aq:39.00 tex:0 mv:0 misc:224 imb:0 pmb:0 smb:3600 d:- ref:0 ;
in:57 out:56 type:P dur:2 cpbdur:2 q:34.33 aq:29.88 tex:244339 mv:7720 misc:1077 imb:3 pmb:3453 smb:144 d:s ref:0 ;
in:56 out:57 type:b dur:2 cpbdur:2 q:34.98 aq:38.00 tex:0 mv:0 misc:224 imb:0 pmb:0 smb:3600 d:s ref:0 ;
in:61 out:58 type:P dur:2 cpbdur:2 q:33.79 aq:29.44 tex:236957 mv:8493 misc:1078 imb:8 pmb:3450 smb:142 d:s ref:0 w:6,65,-2 ;
in:59 out:59 type:B dur:2 cpbdur:2 q:34.06 aq:36.93 tex:239 mv:457 misc:472 imb:0 pmb:41 smb:3559 d:s ref:0 ;
in:58 out:60 type:b dur:2 cpbdur:2 q:34.19 aq:38.00 tex:1 mv:17 misc:278 imb:0 pmb:7 smb:3593 d:s ref:0 ;
in:60 out:61 type:b dur:2 cpbdur:2 q:33.92 aq:37.00 tex:41 mv:53 misc:266 imb:0 pmb:5 smb:3595 d:- ref:0 ;
in:65 out:62 type:P dur:2 cpbdur:2 q:32.95 aq:28.73 tex:248022 mv:8334 misc:1188 imb:5 pmb:3434 smb:161 d:s ref:0 ;
in:63 out:63 type:B dur:2 cpbdur:2 q:33.37 aq:34.96 tex:1120 mv:1010 misc:798 imb:0 pmb:118 smb:3482 d:s ref:0 ;
in:62 out:64 type:b dur:2 cpbdur:2 q:33.58 aq:37.00 tex:6 mv:171 misc:391 imb:0 pmb:28 smb:3572 d:s ref:0 ;
in:64 out:65 type:b dur:2 cpbdur:2 q:33.16 aq:37.00 tex:47 mv:94 misc:283 imb:0 pmb:7 smb:3593 d:- ref:0 ;
in:67 out:66 type:P dur:2 cpbdur:2 q:32.10 aq:27.71 tex:282961 mv:7739 misc:940 imb:0 pmb:3488 smb:112 d:s ref:0 ;
in:66 out:67 type:b dur:2 cpbdur:2 q:32.53 aq:36.00 tex:3 mv:118 misc:287 imb:0 pmb:9 smb:3591 d:s ref:0 ;
in:71 out:68 type:P dur:2 cpbdur:2 q:32.18 aq:27.88 tex:277709 mv:9293 misc:1006 imb:49 pmb:3412 smb:139 d:s ref:0 w:6,65,-2 ;
in:69 out:69 type:B dur:2 cpbdur:2 q:32.14 aq:34.11 tex:2822 mv:1451 misc:1119 imb:0 pmb:202 smb:3398 d:s ref:0 ;
in:68 out:70 type:b dur:2 cpbdur:2 q:32.12 aq:36.00 tex:9 mv:91 misc:516 imb:0 pmb:51 smb:3549 d:s ref:0 ;
in:70 out:71 type:b dur:2 cpbdur:2 q:32.16 aq:35.02 tex:552 mv:473 misc:567 imb:0 pmb:89 smb:3511 d:- ref:0 ;
in:75 out:72 type:P dur:2 cpbdur:2 q:31.93 aq:27.63 tex:296727 mv:9451 misc:926 imb:42 pmb:3439 smb:119 d:s ref:0 ;
in:73 out:73 type:B dur:2 cpbdur:2 q:32.05 aq:32.50 tex:4090 mv:1892 misc:1330 imb:0 pmb:266 smb:3334 d:s ref:0 ;
in:72 out:74 type:b dur:2 cpbdur:2 q:32.12 aq:36.00 tex:10 mv:205 misc:489 imb:0 pmb:54 smb:3546 d:s ref:0 ;
in:74 out:75 type:b dur:2 cpbdur:2 q:31.99 aq:36.00 tex:8 mv:214 misc:386 imb:0 pmb:28 smb:3572 d:- ref:0 ;
in:79 out:76 type:P dur:2 cpbdur:2 q:32.09 aq:27.87 tex:227541 mv:8289 misc:1778 imb:16 pmb:3239 smb:345 d:s ref:0 ;
in:77 out:77 type:B dur:2 cpbdur:2 q:32.01 aq:32.56 tex:3870 mv:1710 misc:1220 imb:0 pmb:244 smb:3356 d:s ref:0 ;
in:76 out:78 type:b dur:2 cpbdur:2 q:31.97 aq:35.00 tex:19 mv:388 misc:593 imb:0 pmb:73 smb:3527 d:s ref:0 ;
in:78 out:79 type:b dur:2 cpbdur:2 q:32.05 aq:36.00 tex:27 mv:196 misc:321 imb:0 pmb:15 smb:3585 d:- ref:0 ;
in:81 out:80 type:P dur:2 cpbdur:2 q:32.95 aq:28.49 tex:113524 mv:6313 misc:3067 imb:0 pmb:2574 smb:1026 d:s ref:0 ;
in:80 out:81 type:b dur:2 cpbdur:2 q:32.52 aq:36.00 tex:0 mv:109 misc:267 imb:0 pmb:7 smb:3593 d:t ref:0 ;
in:85 out:82 type:P dur:2 cpbdur:2 q:32.74 aq:28.35 tex:253267 mv:9147 misc:1098 imb:11 pmb:3435 smb:154 d:s ref:0 ;
in:83 out:83 type:B dur:2 cpbdur:2 q:32.85 aq:35.58 tex:535 mv:876 misc:701 imb:0 pmb:99 smb:3501 d:s ref:0 ;
in:82 out:84 type:b dur:2 cpbdur:2 q:32.90 aq:36.00 tex:80 mv:53 misc:371 imb:0 pmb:28 smb:3572 d:s ref:0 ;
in:84 out:85 type:b dur:2 cpbdur:2 q:32.80 aq:36.00 tex:40 mv:143 misc:313 imb:0 pmb:13 smb:3587 d:- ref:0 ;
in:89 out:86 type:P dur:2 cpbdur:2 q:32.81 aq:28.52 tex:158822 mv:7408 misc:2330 imb:4 pmb:3032 smb:564 d:s ref:0 ;
in:87 out:87 type:B dur:2 cpbdur:2 q:32.78 aq:33.42 tex:1488 mv:1280 misc:928 imb:0 pmb:145 smb:3455 d:s ref:0 ;
in:86 out:88 type:b dur:2 cpbdur:2 q:32.76 aq:36.00 tex:11 mv:245 misc:440 imb:0 pmb:39 smb:3561 d:s ref:0 ;
in:88 out:89 type:b dur:2 cpbdur:2 q:32.80 aq:36.00 tex:0 mv:43 misc:245 imb:0 pmb:2 smb:3598 d:- ref:0 ;
in:91 out:90 type:P dur:2 cpbdur:2 q:33.48 aq:29.04 tex:149533 mv:7216 misc:2531 imb:6 pmb:2907 smb:687 d:s ref:0 ;
in:90 out:91 type:b dur:2 cpbdur:2 q:33.14 aq:34.61 tex:28 mv:68 misc:272 imb:0 pmb:9 smb:3591 d:s ref:0 ;
in:95 out:92 type:P dur:2 cpbdur:2 q:33.24 aq:28.87 tex:175698 mv:8319 misc:1903 imb:10 pmb:3201 smb:389 d:s ref:0 ;
in:93 out:93 type:B dur:2 cpbdur:2 q:33.36 aq:36.00 tex:322 mv:495 misc:503 imb:0 pmb:59 smb:3541 d:s ref:0 ;
in:92 out:94 type:b dur:2 cpbdur:2 q:33.42 aq:37.00 tex:9 mv:42 misc:389 imb:0 pmb:30 smb:3570 d:s ref:0 ;
in:94 out:95 type:b dur:2 cpbdur:2 q:33.30 aq:37.00 tex:0 mv:51 misc:253 imb:0 pmb:3 smb:3597 d:- ref:0 ;
in:99 out:96 type:P dur:2 cpbdur:2 q:33.30 aq:29.12 tex:172043 mv:7959 misc:2030 imb:0 pmb:3176 smb:424 d:s ref:0 ;
in:97 out:97 type:B dur:2 cpbdur:2 q:33.27 aq:34.50 tex:857 mv:1158 misc:817 imb:0 pmb:114 smb:3486 d:s ref:0 ;
in:96 out:98 type:b dur:2 cpbdur:2 q:33.26 aq:37.00 tex:8 mv:193 misc:415 imb:0 pmb:36 smb:3564 d:s ref:0 ;
in:98 out:99 type:b dur:2 cpbdur:2 q:33.29 aq:37.00 tex:18 mv:33 misc:245 imb:0 pmb:3 smb:3597 d:- ref:0 ;
in:101 out:100 type:P dur:2 cpbdur:2 q:33.07 aq:28.71 tex:191965 mv:7747 misc:1824 imb:1 pmb:3236 smb:363 d:s ref:0 ;
in:100 out:101 type:b dur:2 cpbdur:2 q:33.18 aq:36.00 tex:46 mv:33 misc:241 imb:0 pmb:3 smb:3597 d:s ref:0 ;
in:105 out:102 type:P dur:2 cpbdur:2 q:32.96 aq:28.69 tex:235429 mv:8880 misc:1299 imb:11 pmb:3394 smb:195 d:s ref:0 ;
in:103 out:103 type:B dur:2 cpbdur:2 q:33.02 aq:36.17 tex:357 mv:386 misc:433 imb:0 pmb:42 smb:3558 d:s ref:0 ;
in:102 out:104 type:b dur:2 cpbdur:2 q:33.04 aq:36.00 tex:7 mv:80 misc:409 imb:0 pmb:33 smb:3567 d:s ref:0 ;
in:104 out:105 type:b dur:2 cpbdur:2 q:32.99 aq:36.00 tex:56 mv:126 misc:306 imb:0 pmb:13 smb:3587 d:- ref:0 ;
in:109 out:106 type:P dur:2 cpbdur:2 q:32.76 aq:28.61 tex:235692 mv:8550 misc:1606 imb:21 pmb:3287 smb:292 d:s ref:0 ;
in:107 out:107 type:B dur:2 cpbdur:2 q:32.86 aq:34.18 tex:1405 mv:1290 misc:945 imb:0 pmb:145 smb:3455 d:s ref:0 ;
in:106 out:108 type:b dur:2 cpbdur:2 q:32.91 aq:36.00 tex:10 mv:245 misc:417 imb:0 pmb:36 smb:3564 d:s ref:0 ;
in:108 out:109 type:b dur:2 cpbdur:2 q:32.81 aq:36.00 tex:30 mv:40 misc:266 imb:0 pmb:6 smb:3594 d:- ref:0 ;
in:111 out:110 type:P dur:2 cpbdur:2 q:32.35 aq:27.95 tex:278167 mv:7930 misc:1183 imb:3 pmb:3412 smb:185 d:s ref:0 w:0,1,-1 ;
in:110 out:111 type:b dur:2 cpbdur:2 q:32.55 aq:35.00 tex:2 mv:75 misc:251 imb:0 pmb:4 smb:3596 d:s ref:0 ;
in:115 out:112 type:P dur:2 cpbdur:2 q:32.35 aq:27.97 tex:254248 mv:8629 misc:1531 imb:37 pmb:3299 smb:264 d:s ref:0 ;
in:113 out:113 type:B dur:2 cpbdur:2 q:32.35 aq:34.90 tex:1136 mv:975 misc:761 imb:0 pmb:102 smb:3498 d:s ref:0 ;
in:112 out:114 type:b dur:2 cpbdur:2 q:32.35 aq:35.00 tex:21 mv:85 misc:438 imb:0 pmb:37 smb:3563 d:s ref:0 ;
in:114 out:115 type:b dur:2 cpbdur:2 q:32.35 aq:35.97 tex:176 mv:202 misc:382 imb:0 pmb:28 smb:3572 d:- ref:0 ;
in:119 out:116 type:P dur:2 cpbdur:2 q:32.01 aq:27.77 tex:279060 mv:8643 misc:1281 imb:35 pmb:3364 smb:201 d:s ref:0 ;
in:117 out:117 type:B dur:2 cpbdur:2 q:32.18 aq:32.79 tex:3439 mv:1657 misc:1144 imb:0 pmb:227 smb:3373 d:s ref:0 ;
in:116 out:118 type:b dur:2 cpbdur:2 q:32.27 aq:35.00 tex:16 mv:254 misc:506 imb:0 pmb:53 smb:3547 d:s ref:0 ;
in:118 out:119 type:b dur:2 cpbdur:2 q:32.09 aq:34.52 tex:619 mv:259 misc:386 imb:1 pmb:37 smb:3562 d:- ref:0 ;
in:121 out:120 type:P dur:2 cpbdur:2 q:31.80 aq:27.31 tex:323580 mv:8274 misc:986 imb:29 pmb:3440 smb:131 d:s ref:0 ;
in:120 out:121 type:b dur:2 cpbdur:2 q:31.90 aq:34.24 tex:887 mv:309 misc:356 imb:0 pmb:40 smb:3560 d:s ref:0 ;
in:125 out:122 type:P dur:2 cpbdur:2 q:31.93 aq:27.67 tex:189701 mv:7757 misc:2102 imb:23 pmb:3081 smb:496 d:s ref:0 ;
in:123 out:123 type:B dur:2 cpbdur:2 q:31.87 aq:35.01 tex:2924 mv:1110 misc:782 imb:4 pmb:132 smb:3464 d:s ref:0 ;
in:122 out:124 type:b dur:2 cpbdur:2 q:31.83 aq:32.88 tex:41 mv:80 misc:495 imb:0 pmb:49 smb:3551 d:s ref:0 ;
in:124 out:125 type:b dur:2 cpbdur:2 q:31.90 aq:34.41 tex:988 mv:408 misc:444 imb:2 pmb:49 smb:3549 d:- ref:0 ;
in:129 out:126 type:P dur:2 cpbdur:2 q:31.85 aq:27.80 tex:241217 mv:9227 misc:1620 imb:78 pmb:3233 smb:289 d:s ref:0 ;
in:127 out:127 type:B dur:2 cpbdur:2 q:31.89 aq:32.37 tex:6772 mv:2213 misc:1319 imb:5 pmb:287 smb:3308 d:s ref:0 ;
in:126 out:128 type:b dur:2 cpbdur:2 q:31.91 aq:31.59 tex:109 mv:388 misc:623 imb:1 pmb:101 smb:3498 d:s ref:0 ;
in:128 out:129 type:b dur:2 cpbdur:2 q:31.87 aq:33.22 tex:1671 mv:636 misc:485 imb:3 pmb:79 smb:3518 d:- ref:0 ;
in:131 out:130 type:P dur:2 cpbdur:2 q:31.81 aq:27.60 tex:212585 mv:7842 misc:2021 imb:41 pmb:3051 smb:508 d:s ref:0 ;
in:130 out:131 type:b dur:2 cpbdur:2 q:31.83 aq:33.74 tex:2383 mv:586 misc:399 imb:4 pmb:64 smb:3532 d:s ref:0 ;
in:135 out:132 type:P dur:2 cpbdur:2 q:32.09 aq:27.99 tex:241636 mv:9555 misc:1849 imb:117 pmb:3111 smb:372 d:s ref:0 ;
in:133 out:133 type:B dur:2 cpbdur:2 q:31.95 aq:32.80 tex:4742 mv:1976 misc:1122 imb:13 pmb:239 smb:3348 d:s ref:0 ;
in:132 out:134 type:b dur:2 cpbdur:2 q:31.88 aq:31.97 tex:68 mv:135 misc:573 imb:0 pmb:93 smb:3507 d:s ref:0 ;
in:134 out:135 type:b dur:2 cpbdur:2 q:32.02 aq:32.71 tex:2811 mv:554 misc:459 imb:12 pmb:79 smb:3509 d:- ref:0 ;
in:139 out:136 type:P dur:2 cpbdur:2 q:32.12 aq:28.19 tex:229123 mv:9999 misc:1918 imb:146 pmb:3023 smb:431 d:s ref:0 ;
in:137 out:137 type:B dur:2 cpbdur:2 q:32.11 aq:32.19 tex:9342 mv:2438 misc:1420 imb:5 pmb:377 smb:3218 d:s ref:0 ;
in:136 out:138 type:b dur:2 cpbdur:2 q:32.10 aq:34.00 tex:45 mv:432 misc:803 imb:0 pmb:146 smb:3454 d:s ref:0 ;
in:138 out:139 type:b dur:2 cpbdur:2 q:32.12 aq:34.41 tex:1723 mv:586 misc:571 imb:0 pmb:119 smb:3481 d:- ref:0 ;
in:141 out:140 type:P dur:2 cpbdur:2 q:32.15 aq:27.94 tex:239482 mv:9359 misc:1463 imb:133 pmb:3222 smb:245 d:s ref:0 w:0,1,-1 ;
in:140 out:141 type:b dur:2 cpbdur:2 q:32.14 aq:33.09 tex:2256 mv:694 misc:498 imb:2 pmb:104 smb:3494 d:s ref:0 ;
in:145 out:142 type:P dur:2 cpbdur:2 q:32.48 aq:28.47 tex:180133 mv:9644 misc:2535 imb:162 pmb:2722 smb:716 d:s ref:0 ;
in:143 out:143 type:B dur:2 cpbdur:2 q:32.31 aq:33.68 tex:6035 mv:2285 misc:1088 imb:23 pmb:272 smb:3305 d:s ref:0 ;
in:142 out:144 type:b dur:2 cpbdur:2 q:32.23 aq:33.77 tex:170 mv:245 misc:793 imb:0 pmb:139 smb:3461 d:s ref:0 ;
in:144 out:145 type:b dur:2 cpbdur:2 q:32.39 aq:34.07 tex:3849 mv:876 misc:475 imb:17 pmb:92 smb:3491 d:- ref:0 ;
in:149 out:146 type:P dur:2 cpbdur:2 q:32.33 aq:28.61 tex:184370 mv:9807 misc:2607 imb:141 pmb:2697 smb:762 d:s ref:0 ;
in:147 out:147 type:B dur:2 cpbdur:2 q:32.40 aq:33.18 tex:9045 mv:2599 misc:1364 imb:6 pmb:396 smb:3198 d:s ref:0 ;
in:146 out:148 type:b dur:2 cpbdur:2 q:32.44 aq:35.00 tex:23 mv:462 misc:811 imb:0 pmb:145 smb:3455 d:s ref:0 ;
in:148 out:149 type:b dur:2 cpbdur:2 q:32.37 aq:34.94 tex:1993 mv:619 misc:492 imb:5 pmb:85 smb:3510 d:- ref:0 ;
in:151 out:150 type:P dur:2 cpbdur:2 q:32.23 aq:27.87 tex:275495 mv:10662 misc:1259 imb:193 pmb:3228 smb:179 d:s ref:0 ;
in:150 out:151 type:b dur:2 cpbdur:2 q:32.28 aq:34.14 tex:6224 mv:1920 misc:608 imb:27 pmb:181 smb:3392 d:s ref:0 ;
in:155 out:152 type:P dur:2 cpbdur:2 q:32.35 aq:28.24 tex:151744 mv:9501 misc:2891 imb:134 pmb:2533 smb:933 d:s ref:0 ;
in:153 out:153 type:B dur:2 cpbdur:2 q:32.29 aq:33.87 tex:6593 mv:2714 misc:1181 imb:13 pmb:301 smb:3286 d:s ref:0 ;
in:152 out:154 type:b dur:2 cpbdur:2 q:32.26 aq:34.14 tex:191 mv:182 misc:531 imb:0 pmb:101 smb:3499 d:s ref:0 ;
in:154 out:155 type:b dur:2 cpbdur:2 q:32.32 aq:34.02 tex:3837 mv:1126 misc:573 imb:10 pmb:146 smb:3444 d:- ref:0 ;
in:159 out:156 type:P dur:2 cpbdur:2 q:32.16 aq:28.37 tex:160309 mv:9751 misc:2828 imb:147 pmb:2583 smb:870 d:s ref:0 ;
in:157 out:157 type:B dur:2 cpbdur:2 q:32.25 aq:32.32 tex:9799 mv:3080 misc:1305 imb:23 pmb:350 smb:3227 d:s ref:0 ;
in:156 out:158 type:b dur:2 cpbdur:2 q:32.30 aq:35.00 tex:22 mv:407 misc:771 imb:0 pmb:129 smb:3471 d:s ref:0 ;
in:158 out:159 type:b dur:2 cpbdur:2 q:32.21 aq:34.76 tex:2428 mv:1099 misc:577 imb:6 pmb:132 smb:3462 d:- ref:0 ;
in:161 out:160 type:P dur:2 cpbdur:2 q:31.94 aq:28.10 tex:157655 mv:9016 misc:2561 imb:69 pmb:2820 smb:711 d:s ref:0 ;
in:160 out:161 type:b dur:2 cpbdur:2 q:32.05 aq:34.40 tex:3155 mv:917 misc:408 imb:3 pmb:110 smb:3487 d:s ref:0 ;
in:165 out:162 type:P dur:2 cpbdur:2 q:32.03 aq:28.83 tex:137214 mv:8680 misc:3042 imb:98 pmb:2453 smb:1049 d:s ref:0 ;
in:163 out:163 type:B dur:2 cpbdur:2 q:31.98 aq:33.78 tex:3951 mv:1547 misc:958 imb:3 pmb:204 smb:3393 d:s ref:0 ;
in:162 out:164 type:b dur:2 cpbdur:2 q:31.96 aq:35.00 tex:55 mv:176 misc:681 imb:0 pmb:98 smb:3502 d:s ref:0 ;
in:164 out:165 type:b dur:2 cpbdur:2 q:32.01 aq:33.98 tex:1619 mv:660 misc:465 imb:2 pmb:94 smb:3504 d:- ref:0 ;
in:169 out:166 type:P dur:2 cpbdur:2 q:31.88 aq:29.53 tex:91876 mv:7633 misc:3443 imb:42 pmb:2255 smb:1303 d:s ref:0 ;
in:167 out:167 type:B dur:2 cpbdur:2 q:31.95 aq:32.11 tex:7250 mv:2746 misc:1660 imb:0 pmb:415 smb:3185 d:s ref:0 ;
in:166 out:168 type:b dur:2 cpbdur:2 q:31.99 aq:35.00 tex:21 mv:329 misc:634 imb:0 pmb:89 smb:3511 d:s ref:0 ;
in:168 out:169 type:b dur:2 cpbdur:2 q:31.91 aq:33.69 tex:1012 mv:425 misc:467 imb:0 pmb:74 smb:3526 d:- ref:0 ;
in:171 out:170 type:P dur:2 cpbdur:2 q:31.68 aq:29.78 tex:71922 mv:7215 misc:3423 imb:16 pmb:2252 smb:1332 d:s ref:0 ;
in:170 out:171 type:b dur:2 cpbdur:2 q:31.78 aq:32.30 tex:136 mv:159 misc:345 imb:0 pmb:21 smb:3579 d:s ref:0 ;
in:175 out:172 type:P dur:2 cpbdur:2 q:31.77 aq:34.16 tex:10466 mv:2962 misc:2260 imb:3 pmb:646 smb:2951 d:s ref:0 ;
in:173 out:173 type:B dur:2 cpbdur:2 q:31.73 aq:33.17 tex:1696 mv:1297 misc:1207 imb:0 pmb:195 smb:3405 d:s ref:0 ;
in:172 out:174 type:b dur:2 cpbdur:2 q:31.70 aq:35.00 tex:28 mv:238 misc:742 imb:0 pmb:97 smb:3503 d:s ref:0 ;
in:174 out:175 type:b dur:2 cpbdur:2 q:31.75 aq:35.37 tex:648 mv:775 misc:769 imb:0 pmb:99 smb:3501 d:- ref:0 ;
in:176 out:176 type:I dur:2 cpbdur:2 q:29.13 aq:23.78 tex:1229231 mv:162093 misc:228 imb:3600 pmb:0 smb:0 d:s ref:;
in:180 out:177 type:P dur:2 cpbdur:2 q:32.34 aq:27.57 tex:155590 mv:11119 misc:2947 imb:21 pmb:2574 smb:1005 d:s ref:0 ;
in:178 out:178 type:B dur:2 cpbdur:2 q:32.34 aq:34.56 tex:5177 mv:4666 misc:1901 imb:0 pmb:472 smb:3128 d:s ref:0 ;
in:177 out:179 type:b dur:2 cpbdur:2 q:32.34 aq:32.00 tex:65 mv:181 misc:1786 imb:0 pmb:469 smb:3131 d:s ref:0 ;
in:179 out:180 type:b dur:2 cpbdur:2 q:32.34 aq:34.46 tex:2654 mv:4244 misc:1750 imb:0 pmb:395 smb:3205 d:- ref:0 ;
in:184 out:181 type:P dur:2 cpbdur:2 q:32.19 aq:27.44 tex:186714 mv:12181 misc:2345 imb:19 pmb:2963 smb:618 d:s ref:0 ;
in:182 out:182 type:B dur:2 cpbdur:2 q:32.26 aq:33.10 tex:10267 mv:6592 misc:2541 imb:0 pmb:720 smb:2880 d:s ref:0 ;
in:181 out:183 type:b dur:2 cpbdur:2 q:32.30 aq:31.00 tex:133 mv:3437 misc:2350 imb:0 pmb:650 smb:2950 d:s ref:0 ;
in:183 out:184 type:b dur:2 cpbdur:2 q:32.22 aq:34.62 tex:2623 mv:4469 misc:1892 imb:0 pmb:450 smb:3150 d:- ref:0 ;
in:186 out:185 type:P dur:2 cpbdur:2 q:32.08 aq:26.94 tex:171132 mv:11411 misc:2289 imb:14 pmb:3029 smb:557 d:s ref:0 ;
in:185 out:186 type:b dur:2 cpbdur:2 q:32.13 aq:34.71 tex:2689 mv:4428 misc:1795 imb:0 pmb:440 smb:3160 d:t ref:0 ;
in:190 out:187 type:P dur:2 cpbdur:2 q:31.90 aq:26.75 tex:238256 mv:13433 misc:1911 imb:19 pmb:3166 smb:415 d:s ref:0 ;
in:188 out:188 type:B dur:2 cpbdur:2 q:31.99 aq:34.00 tex:7113 mv:5875 misc:2228 imb:0 pmb:619 smb:2981 d:s ref:0 ;
in:187 out:189 type:b dur:2 cpbdur:2 q:32.04 aq:29.11 tex:125 mv:760 misc:2091 imb:0 pmb:553 smb:3047 d:s ref:0 ;
in:189 out:190 type:b dur:2 cpbdur:2 q:31.95 aq:34.98 tex:3384 mv:4817 misc:1815 imb:1 pmb:452 smb:3147 d:- ref:0 ;
in:194 out:191 type:P dur:2 cpbdur:2 q:31.66 aq:26.62 tex:218110 mv:13205 misc:1853 imb:34 pmb:3186 smb:380 d:s ref:0 ;
in:192 out:192 type:B dur:2 cpbdur:2 q:31.78 aq:32.45 tex:11574 mv:7370 misc:2624 imb:0 pmb:769 smb:2831 d:s ref:0 ;
in:191 out:193 type:b dur:2 cpbdur:2 q:31.84 aq:29.00 tex:153 mv:2995 misc:2332 imb:0 pmb:656 smb:2944 d:s ref:0 ;
in:193 out:194 type:b dur:2 cpbdur:2 q:31.72 aq:34.42 tex:3141 mv:4258 misc:1921 imb:0 pmb:444 smb:3156 d:- ref:0 ;
in:196 out:195 type:P dur:2 cpbdur:2 q:31.38 aq:26.11 tex:207609 mv:12165 misc:1730 imb:26 pmb:3245 smb:329 d:s ref:0 ;
in:195 out:196 type:b dur:2 cpbdur:2 q:31.52 aq:34.21 tex:3253 mv:4296 misc:1675 imb:1 pmb:406 smb:3193 d:t ref:0 ;
in:200 out:197 type:P dur:2 cpbdur:2 q:31.27 aq:26.17 tex:258244 mv:13803 misc:1681 imb:33 pmb:3245 smb:322 d:s ref:0 ;
in:198 out:198 type:B dur:2 cpbdur:2 q:31.32 aq:33.41 tex:7061 mv:5518 misc:2189 imb:0 pmb:583 smb:3017 d:s ref:0 ;
in:197 out:199 type:b dur:2 cpbdur:2 q:31.35 aq:30.00 tex:80 mv:1021 misc:1891 imb:0 pmb:480 smb:3120 d:s ref:0 ;
in:199 out:200 type:b dur:2 cpbdur:2 q:31.29 aq:34.12 tex:3958 mv:4978 misc:1944 imb:1 pmb:496 smb:3103 d:- ref:0 ;
in:204 out:201 type:P dur:2 cpbdur:2 q:31.70 aq:26.65 tex:222013 mv:13569 misc:1618 imb:47 pmb:3259 smb:294 d:s ref:0 ;
in:202 out:202 type:B dur:2 cpbdur:2 q:31.48 aq:32.17 tex:12408 mv:7182 misc:2594 imb:0 pmb:774 smb:2826 d:s ref:0 ;
in:201 out:203 type:b dur:2 cpbdur:2 q:31.37 aq:29.06 tex:239 mv:2925 misc:2196 imb:1 pmb:593 smb:3006 d:s ref:0 ;
in:203 out:204 type:b dur:2 cpbdur:2 q:31.59 aq:34.62 tex:3526 mv:4462 misc:1900 imb:0 pmb:457 smb:3143 d:- ref:0 ;
in:206 out:205 type:P dur:2 cpbdur:2 q:31.60 aq:26.20 tex:188911 mv:12028 misc:1949 imb:36 pmb:3160 smb:404 d:s ref:0 ;
in:205 out:206 type:b dur:2 cpbdur:2 q:31.65 aq:34.72 tex:3530 mv:4044 misc:1682 imb:0 pmb:398 smb:3202 d:t ref:0 ;
in:210 out:207 type:P dur:2 cpbdur:2 q:31.65 aq:26.34 tex:233092 mv:13851 misc:1617 imb:47 pmb:3249 smb:304 d:s ref:0 ;
in:208 out:208 type:B dur:2 cpbdur:2 q:31.62 aq:34.46 tex:7296 mv:6041 misc:2231 imb:0 pmb:601 smb:2999 d:s ref:0 ;
in:207 out:209 type:b dur:2 cpbdur:2 q:31.61 aq:33.26 tex:126 mv:982 misc:1676 imb:0 pmb:405 smb:3195 d:s ref:0 ;
in:209 out:210 type:b dur:2 cpbdur:2 q:31.64 aq:34.22 tex:3954 mv:4629 misc:1825 imb:0 pmb:454 smb:3146 d:- ref:0 ;
in:214 out:211 type:P dur:2 cpbdur:2 q:31.63 aq:26.53 tex:198681 mv:13052 misc:2091 imb:31 pmb:3101 smb:468 d:s ref:0 ;
in:212 out:212 type:B dur:2 cpbdur:2 q:31.64 aq:32.49 tex:11063 mv:6653 misc:2396 imb:1 pmb:677 smb:2922 d:s ref:0 ;
in:211 out:213 type:b dur:2 cpbdur:2 q:31.65 aq:31.59 tex:154 mv:2493 misc:2001 imb:1 pmb:502 smb:3097 d:s ref:0 ;
in:213 out:214 type:b dur:2 cpbdur:2 q:31.64 aq:35.37 tex:3606 mv:4465 misc:1881 imb:0 pmb:460 smb:3140 d:- ref:0 ;
in:216 out:215 type:P dur:2 cpbdur:2 q:31.61 aq:26.29 tex:177339 mv:12451 misc:2130 imb:32 pmb:3089 smb:479 d:s ref:0 ;
in:215 out:216 type:b dur:2 cpbdur:2 q:31.62 aq:34.78 tex:3312 mv:4500 misc:1852 imb:0 pmb:438 smb:3162 d:t ref:0 ;
in:220 out:217 type:P dur:2 cpbdur:2 q:31.75 aq:26.40 tex:227546 mv:14319 misc:1647 imb:40 pmb:3240 smb:320 d:s ref:0 ;
in:218 out:218 type:B dur:2 cpbdur:2 q:31.68 aq:34.33 tex:7078 mv:5201 misc:2073 imb:0 pmb:527 smb:3073 d:s ref:0 ;
in:217 out:219 type:b dur:2 cpbdur:2 q:31.65 aq:32.45 tex:154 mv:1044 misc:1978 imb:0 pmb:531 smb:3069 d:s ref:0 ;
in:219 out:220 type:b dur:2 cpbdur:2 q:31.72 aq:35.07 tex:3756 mv:4490 misc:1890 imb:0 pmb:450 smb:3150 d:- ref:0 ;
in:224 out:221 type:P dur:2 cpbdur:2 q:31.82 aq:26.81 tex:183434 mv:13235 misc:2123 imb:40 pmb:3077 smb:483 d:s ref:0 ;
in:222 out:222 type:B dur:2 cpbdur:2 q:31.79 aq:32.49 tex:10543 mv:6495 misc:2466 imb:0 pmb:688 smb:2912 d:s ref:0 ;
in:221 out:223 type:b dur:2 cpbdur:2 q:31.77 aq:32.11 tex:228 mv:2892 misc:2208 imb:0 pmb:598 smb:3002 d:s ref:0 ;
in:223 out:224 type:b dur:2 cpbdur:2 q:31.80 aq:35.20 tex:2943 mv:4212 misc:1637 imb:0 pmb:396 smb:3204 d:- ref:0 ;
in:226 out:225 type:P dur:2 cpbdur:2 q:31.79 aq:26.50 tex:162868 mv:12478 misc:2246 imb:29 pmb:3018 smb:553 d:s ref:0 ;
in:225 out:226 type:b dur:2 cpbdur:2 q:31.80 aq:35.11 tex:3072 mv:4395 misc:1821 imb:0 pmb:439 smb:3161 d:t ref:0 ;
in:230 out:227 type:P dur:2 cpbdur:2 q:31.86 aq:26.74 tex:221629 mv:13369 misc:1930 imb:34 pmb:3148 smb:418 d:s ref:0 ;
in:228 out:228 type:B dur:2 cpbdur:2 q:31.82 aq:34.22 tex:6811 mv:5934 misc:2159 imb:0 pmb:572 smb:3028 d:s ref:0 ;
in:227 out:229 type:b dur:2 cpbdur:2 q:31.81 aq:32.00 tex:75 mv:994 misc:1923 imb:0 pmb:495 smb:3105 d:s ref:0 ;
in:229 out:230 type:b dur:2 cpbdur:2 q:31.84 aq:34.82 tex:3353 mv:4663 misc:1936 imb:0 pmb:474 smb:3126 d:- ref:0 ;
in:234 out:231 type:P dur:2 cpbdur:2 q:31.84 aq:26.59 tex:264625 mv:14215 misc:1136 imb:65 pmb:3367 smb:168 d:s ref:0 ;
in:232 out:232 type:B dur:2 cpbdur:2 q:31.85 aq:32.82 tex:10572 mv:6906 misc:2378 imb:0 pmb:689 smb:2911 d:s ref:0 ;
in:231 out:233 type:b dur:2 cpbdur:2 q:31.86 aq:31.00 tex:117 mv:2695 misc:2068 imb:0 pmb:532 smb:3068 d:s ref:0 ;
in:233 out:234 type:b dur:2 cpbdur:2 q:31.85 aq:34.92 tex:3010 mv:4553 misc:1869 imb:0 pmb:435 smb:3165 d:- ref:0 ;
in:236 out:235 type:P dur:2 cpbdur:2 q:31.79 aq:26.39 tex:166577 mv:11544 misc:2167 imb:26 pmb:3096 smb:478 d:s ref:0 ;
in:235 out:236 type:b dur:2 cpbdur:2 q:31.81 aq:34.79 tex:2625 mv:4295 misc:1832 imb:1 pmb:436 smb:3163 d:t ref:0 ;
in:240 out:237 type:P dur:2 cpbdur:2 q:31.82 aq:26.45 tex:212410 mv:13726 misc:1808 imb:39 pmb:3209 smb:352 d:s ref:0 ;
in:238 out:238 type:B dur:2 cpbdur:2 q:31.80 aq:34.35 tex:7122 mv:5658 misc:2196 imb:0 pmb:570 smb:3030 d:s ref:0 ;
in:237 out:239 type:b dur:2 cpbdur:2 q:31.79 aq:32.00 tex:88 mv:896 misc:1832 imb:0 pmb:459 smb:3141 d:s ref:0 ;
in:239 out:240 type:b dur:2 cpbdur:2 q:31.81 aq:35.12 tex:3407 mv:4635 misc:1974 imb:0 pmb:470 smb:3130 d:- ref:0 ;
in:244 out:241 type:P dur:2 cpbdur:2 q:31.74 aq:26.49 tex:214355 mv:13319 misc:1686 imb:25 pmb:3260 smb:315 d:s ref:0 ;
in:242 out:242 type:B dur:2 cpbdur:2 q:31.78 aq:32.83 tex:10869 mv:6493 misc:2494 imb:0 pmb:699 smb:2901 d:s ref:0 ;
in:241 out:243 type:b dur:2 cpbdur:2 q:31.80 aq:32.56 tex:153 mv:2814 misc:2217 imb:0 pmb:557 smb:3043 d:s ref:0 ;
in:243 out:244 type:b dur:2 cpbdur:2 q:31.76 aq:34.86 tex:3101 mv:4684 misc:1927 imb:0 pmb:476 smb:3124 d:- ref:0 ;
in:246 out:245 type:P dur:2 cpbdur:2 q:31.66 aq:26.22 tex:169671 mv:11502 misc:2211 imb:21 pmb:3060 smb:519 d:s ref:0 ;
in:245 out:246 type:b dur:2 cpbdur:2 q:31.70 aq:35.12 tex:2769 mv:4368 misc:1839 imb:0 pmb:429 smb:3171 d:t ref:0 ;
in:250 out:247 type:P dur:2 cpbdur:2 q:31.67 aq:26.39 tex:220345 mv:13763 misc:1732 imb:31 pmb:3209 smb:360 d:s ref:0 ;
in:248 out:248 type:B dur:2 cpbdur:2 q:31.67 aq:33.89 tex:6821 mv:6011 misc:2240 imb:1 pmb:631 smb:2968 d:s ref:0 ;
in:247 out:249 type:b dur:2 cpbdur:2 q:31.66 aq:32.24 tex:129 mv:1098 misc:1973 imb:0 pmb:509 smb:3091 d:s ref:0 ;
in:249 out:250 type:b dur:2 cpbdur:2 q:31.67 aq:34.90 tex:3669 mv:4834 misc:1985 imb:0 pmb:501 smb:3099 d:- ref:0 ;
in:254 out:251 type:P dur:2 cpbdur:2 q:31.60 aq:26.50 tex:224451 mv:13440 misc:1621 imb:27 pmb:3273 smb:300 d:s ref:0 ;
in:252 out:252 type:B dur:2 cpbdur:2 q:31.64 aq:32.44 tex:12232 mv:6904 misc:2560 imb:0 pmb:737 smb:2863 d:s ref:0 ;
in:251 out:253 type:b dur:2 cpbdur:2 q:31.66 aq:32.00 tex:132 mv:3505 misc:2331 imb:0 pmb:650 smb:2950 d:s ref:0 ;
in:253 out:254 type:b dur:2 cpbdur:2 q:31.62 aq:35.13 tex:2874 mv:4872 misc:2022 imb:0 pmb:494 smb:3106 d:- ref:0 ;
in:256 out:255 type:P dur:2 cpbdur:2 q:31.58 aq:26.34 tex:164338 mv:11492 misc:2290 imb:13 pmb:3037 smb:550 d:s ref:0 ;
in:255 out:256 type:b dur:2 cpbdur:2 q:31.59 aq:34.18 tex:2890 mv:4021 misc:1753 imb:0 pmb:404 smb:3196 d:t ref:0 ;
in:260 out:257 type:P dur:2 cpbdur:2 q:31.61 aq:26.57 tex:216083 mv:13174 misc:2039 imb:25 pmb:3131 smb:444 d:s ref:0 ;
in:258 out:258 type:B dur:2 cpbdur:2 q:31.60 aq:33.98 tex:8160 mv:6306 misc:2438 imb:0 pmb:666 smb:2934 d:s ref:0 ;
in:257 out:259 type:b dur:2 cpbdur:2 q:31.59 aq:31.90 tex:85 mv:462 misc:1533 imb:0 pmb:354 smb:3246 d:s ref:0 ;
in:259 out:260 type:b dur:2 cpbdur:2 q:31.61 aq:34.90 tex:3476 mv:4553 misc:1907 imb:0 pmb:477 smb:3123 d:- ref:0 ;
in:264 out:261 type:P dur:2 cpbdur:2 q:31.56 aq:26.59 tex:226941 mv:13914 misc:1505 imb:39 pmb:3297 smb:264 d:s ref:0 ;
in:262 out:262 type:B dur:2 cpbdur:2 q:31.59 aq:32.16 tex:11636 mv:7026 misc:2514 imb:1 pmb:745 smb:2854 d:s ref:0 ;
in:261 out:263 type:b dur:2 cpbdur:2 q:31.60 aq:33.00 tex:132 mv:2589 misc:2183 imb:0 pmb:573 smb:3027 d:s ref:0 ;
in:263 out:264 type:b dur:2 cpbdur:2 q:31.58 aq:35.22 tex:2908 mv:4839 misc:1973 imb:0 pmb:500 smb:3100 d:- ref:0 ;
in:266 out:265 type:P dur:2 cpbdur:2 q:31.52 aq:26.32 tex:169842 mv:11706 misc:2212 imb:20 pmb:3072 smb:508 d:s ref:0 ;
in:265 out:266 type:b dur:2 cpbdur:2 q:31.54 aq:34.10 tex:2996 mv:4650 misc:1882 imb:0 pmb:452 smb:3148 d:t ref:0 ;
in:270 out:267 type:P dur:2 cpbdur:2 q:31.56 aq:26.53 tex:225507 mv:13598 misc:1823 imb:32 pmb:3230 smb:338 d:s ref:0 ;
in:268 out:268 type:B dur:2 cpbdur:2 q:31.54 aq:33.45 tex:7378 mv:6158 misc:2352 imb:1 pmb:636 smb:2963 d:s ref:0 ;
in:267 out:269 type:b dur:2 cpbdur:2 q:31.53 aq:33.00 tex:100 mv:1183 misc:2037 imb:0 pmb:514 smb:3086 d:s ref:0 ;
in:269 out:270 type:b dur:2 cpbdur:2 q:31.55 aq:35.38 tex:2917 mv:4336 misc:1835 imb:0 pmb:430 smb:3170 d:- ref:0 ;
in:274 out:271 type:P dur:2 cpbdur:2 q:31.49 aq:26.78 tex:199433 mv:13355 misc:1956 imb:34 pmb:3146 smb:420 d:s ref:0 ;
in:272 out:272 type:B dur:2 cpbdur:2 q:31.53 aq:32.34 tex:11579 mv:6986 misc:2643 imb:0 pmb:804 smb:2796 d:s ref:0 ;
in:271 out:273 type:b dur:2 cpbdur:2 q:31.54 aq:33.73 tex:199 mv:2734 misc:2251 imb:0 pmb:593 smb:3007 d:s ref:0 ;
in:273 out:274 type:b dur:2 cpbdur:2 q:31.51 aq:35.17 tex:3348 mv:4561 misc:1827 imb:0 pmb:447 smb:3153 d:- ref:0 ;
in:276 out:275 type:P dur:2 cpbdur:2 q:31.43 aq:26.71 tex:158057 mv:11718 misc:2409 imb:18 pmb:3004 smb:578 d:s ref:0 ;
in:275 out:276 type:b dur:2 cpbdur:2 q:31.46 aq:34.35 tex:2914 mv:4159 misc:1815 imb:0 pmb:424 smb:3176 d:t ref:0 ;
in:280 out:277 type:P dur:2 cpbdur:2 q:31.45 aq:26.98 tex:196864 mv:13140 misc:1964 imb:25 pmb:3152 smb:423 d:s ref:0 ;
in:278 out:278 type:B dur:2 cpbdur:2 q:31.44 aq:34.21 tex:6517 mv:5271 misc:2068 imb:0 pmb:539 smb:3061 d:s ref:0 ;
in:277 out:279 type:b dur:2 cpbdur:2 q:31.44 aq:33.00 tex:108 mv:1151 misc:1869 imb:0 pmb:468 smb:3132 d:s ref:0 ;
in:279 out:280 type:b dur:2 cpbdur:2 q:31.44 aq:34.86 tex:4153 mv:4799 misc:2016 imb:0 pmb:504 smb:3096 d:- ref:0 ;
in:284 out:281 type:P dur:2 cpbdur:2 q:31.38 aq:27.26 tex:185047 mv:12668 misc:2117 imb:20 pmb:3083 smb:497 d:s ref:0 ;
in:282 out:282 type:B dur:2 cpbdur:2 q:31.42 aq:31.65 tex:13182 mv:7488 misc:2858 imb:0 pmb:881 smb:2719 d:s ref:0 ;
in:281 out:283 type:b dur:2 cpbdur:2 q:31.43 aq:33.28 tex:142 mv:2135 misc:1779 imb:0 pmb:445 smb:3155 d:s ref:0 ;
in:283 out:284 type:b dur:2 cpbdur:2 q:31.40 aq:33.98 tex:2805 mv:4177 misc:1794 imb:0 pmb:423 smb:3177 d:- ref:0 ;
in:286 out:285 type:P dur:2 cpbdur:2 q:31.32 aq:27.35 tex:137735 mv:10906 misc:2743 imb:17 pmb:2819 smb:764 d:s ref:0 ;
in:285 out:286 type:b dur:2 cpbdur:2 q:31.35 aq:34.62 tex:2433 mv:3378 misc:1509 imb:0 pmb:349 smb:3251 d:t ref:0 ;
in:290 out:287 type:P dur:2 cpbdur:2 q:31.33 aq:28.17 tex:158217 mv:12776 misc:2295 imb:19 pmb:3024 smb:557 d:s ref:0 ;
in:288 out:288 type:B dur:2 cpbdur:2 q:31.32 aq:33.90 tex:7474 mv:6006 misc:2288 imb:0 pmb:630 smb:2970 d:s ref:0 ;
in:287 out:289 type:b dur:2 cpbdur:2 q:31.32 aq:34.00 tex:119 mv:1525 misc:2188 imb:0 pmb:576 smb:3024 d:s ref:0 ;
in:289 out:290 type:b dur:2 cpbdur:2 q:31.33 aq:35.31 tex:2988 mv:3603 misc:1665 imb:0 pmb:383 smb:3217 d:- ref:0 ;
in:294 out:291 type:P dur:2 cpbdur:2 q:31.29 aq:29.18 tex:112928 mv:11541 misc:2915 imb:21 pmb:2700 smb:879 d:s ref:0 ;
in:292 out:292 type:B dur:2 cpbdur:2 q:31.31 aq:30.91 tex:25684 mv:8654 misc:3310 imb:1 pmb:1239 smb:2360 d:s ref:0 ;
in:291 out:293 type:b dur:2 cpbdur:2 q:31.32 aq:31.45 tex:211 mv:1683 misc:2018 imb:1 pmb:484 smb:3115 d:s ref:0 ;
in:293 out:294 type:b dur:2 cpbdur:2 q:31.30 aq:34.83 tex:3676 mv:3815 misc:1725 imb:0 pmb:406 smb:3194 d:- ref:0 ;
in:296 out:295 type:P dur:2 cpbdur:2 q:31.20 aq:30.27 tex:64528 mv:8478 misc:3458 imb:11 pmb:1998 smb:1591 d:s ref:0 ;
in:295 out:296 type:b dur:2 cpbdur:2 q:31.25 aq:34.22 tex:3816 mv:3979 misc:1909 imb:0 pmb:452 smb:3148 d:t ref:0 ;
in:298 out:297 type:P dur:2 cpbdur:2 q:31.17 aq:32.72 tex:13552 mv:3927 misc:2569 imb:2 pmb:813 smb:2785 d:s ref:0 ;
in:297 out:298 type:b dur:2 cpbdur:2 q:31.19 aq:31.92 tex:310 mv:1979 misc:2479 imb:0 pmb:687 smb:2913 d:s ref:0 ;
in:299 out:299 type:I dur:2 cpbdur:2 q:28.49 aq:23.83 tex:1347783 mv:167095 misc:194 imb:3600 pmb:0 smb:0 d:s ref:;
in:301 out:300 type:P dur:2 cpbdur:2 q:31.92 aq:26.76 tex:119216 mv:7483 misc:2885 imb:43 pmb:2640 smb:917 d:s ref:0 w:0,1,1 ;
in:300 out:301 type:b dur:2 cpbdur:2 q:31.92 aq:32.00 tex:1661 mv:307 misc:376 imb:1 pmb:47 smb:3552 d:s ref:0 ;
in:305 out:302 type:P dur:2 cpbdur:2 q:31.87 aq:27.06 tex:172792 mv:10810 misc:2614 imb:163 pmb:2639 smb:798 d:s ref:0 ;
in:303 out:303 type:B dur:2 cpbdur:2 q:31.90 aq:32.38 tex:5449 mv:2386 misc:1157 imb:16 pmb:256 smb:3328 d:s ref:0 ;
in:302 out:304 type:b dur:2 cpbdur:2 q:31.91 aq:31.64 tex:110 mv:241 misc:689 imb:2 pmb:108 smb:3490 d:s ref:0 ;
in:304 out:305 type:b dur:2 cpbdur:2 q:31.89 aq:33.17 tex:2830 mv:647 misc:587 imb:5 pmb:116 smb:3479 d:- ref:0 ;
in:309 out:306 type:P dur:2 cpbdur:2 q:31.81 aq:27.01 tex:214695 mv:10885 misc:2076 imb:129 pmb:2916 smb:555 d:s ref:0 ;
in:307 out:307 type:B dur:2 cpbdur:2 q:31.84 aq:31.44 tex:7449 mv:3656 misc:1759 imb:8 pmb:452 smb:3140 d:s ref:0 ;
in:306 out:308 type:b dur:2 cpbdur:2 q:31.86 aq:31.22 tex:139 mv:322 misc:579 imb:2 pmb:88 smb:3510 d:s ref:0 ;
in:308 out:309 type:b dur:2 cpbdur:2 q:31.83 aq:32.83 tex:2427 mv:607 misc:542 imb:4 pmb:79 smb:3517 d:- ref:0 ;
in:311 out:310 type:P dur:2 cpbdur:2 q:31.78 aq:26.81 tex:209027 mv:9765 misc:2120 imb:83 pmb:2976 smb:541 d:s ref:0 ;
in:310 out:311 type:b dur:2 cpbdur:2 q:31.80 aq:31.83 tex:4185 mv:996 misc:515 imb:10 pmb:96 smb:3494 d:s ref:0 ;
in:315 out:312 type:P dur:2 cpbdur:2 q:31.72 aq:26.87 tex:247139 mv:11395 misc:1722 imb:95 pmb:3167 smb:338 d:s ref:0 w:0,1,1 ;
in:313 out:313 type:B dur:2 cpbdur:2 q:31.75 aq:30.96 tex:3159 mv:1996 misc:1053 imb:5 pmb:216 smb:3379 d:s ref:0 ;
in:312 out:314 type:b dur:2 cpbdur:2 q:31.77 aq:31.45 tex:23 mv:94 misc:483 imb:0 pmb:61 smb:3539 d:s ref:0 ;
in:314 out:315 type:b dur:2 cpbdur:2 q:31.74 aq:33.02 tex:3411 mv:826 misc:483 imb:5 pmb:93 smb:3502 d:- ref:0 ;
in:319 out:316 type:P dur:2 cpbdur:2 q:31.63 aq:26.94 tex:262162 mv:11206 misc:1712 imb:100 pmb:3121 smb:379 d:s ref:0 ;
in:317 out:317 type:B dur:2 cpbdur:2 q:31.68 aq:31.72 tex:12541 mv:3757 misc:1726 imb:17 pmb:413 smb:3170 d:s ref:0 ;
in:316 out:318 type:b dur:2 cpbdur:2 q:31.70 aq:32.68 tex:35 mv:234 misc:619 imb:0 pmb:101 smb:3499 d:s ref:0 ;
in:318 out:319 type:b dur:2 cpbdur:2 q:31.66 aq:34.23 tex:5335 mv:1264 misc:585 imb:9 pmb:132 smb:3459 d:- ref:0 ;
in:321 out:320 type:P dur:2 cpbdur:2 q:31.49 aq:26.65 tex:218734 mv:9383 misc:1971 imb:40 pmb:3125 smb:435 d:s ref:0 ;
in:320 out:321 type:b dur:2 cpbdur:2 q:31.56 aq:33.27 tex:2964 mv:715 misc:505 imb:1 pmb:87 smb:3512 d:s ref:0 ;
in:325 out:322 type:P dur:2 cpbdur:2 q:31.84 aq:27.15 tex:256720 mv:10663 misc:1641 imb:74 pmb:3158 smb:368 d:s ref:0 ;
in:323 out:323 type:B dur:2 cpbdur:2 q:31.67 aq:32.60 tex:6922 mv:3111 misc:1359 imb:9 pmb:311 smb:3280 d:s ref:0 ;
in:322 out:324 type:b dur:2 cpbdur:2 q:31.58 aq:31.94 tex:48 mv:182 misc:618 imb:0 pmb:92 smb:3508 d:s ref:0 ;
in:324 out:325 type:b dur:2 cpbdur:2 q:31.75 aq:33.96 tex:5153 mv:1098 misc:525 imb:6 pmb:115 smb:3479 d:- ref:0 ;
in:329 out:326 type:P dur:2 cpbdur:2 q:31.69 aq:27.19 tex:275926 mv:11187 misc:1239 imb:58 pmb:3312 smb:230 d:s ref:0 ;
in:327 out:327 type:B dur:2 cpbdur:2 q:31.76 aq:33.22 tex:6634 mv:2609 misc:1173 imb:5 pmb:260 smb:3335 d:s ref:0 ;
in:326 out:328 type:b dur:2 cpbdur:2 q:31.80 aq:32.58 tex:38 mv:146 misc:560 imb:0 pmb:87 smb:3513 d:s ref:0 ;
in:328 out:329 type:b dur:2 cpbdur:2 q:31.73 aq:34.08 tex:3028 mv:1016 misc:492 imb:1 pmb:94 smb:3505 d:- ref:0 ;
in:333 out:330 type:P dur:2 cpbdur:2 q:31.61 aq:27.38 tex:217807 mv:9724 misc:1813 imb:34 pmb:3171 smb:395 d:s ref:0 ;
in:331 out:331 type:B dur:2 cpbdur:2 q:31.65 aq:32.27 tex:7608 mv:3479 misc:1705 imb:0 pmb:398 smb:3202 d:s ref:0 ;
in:330 out:332 type:b dur:2 cpbdur:2 q:31.67 aq:32.00 tex:12 mv:204 misc:544 imb:0 pmb:74 smb:3526 d:s ref:0 ;
in:332 out:333 type:b dur:2 cpbdur:2 q:31.63 aq:33.90 tex:1890 mv:640 misc:462 imb:1 pmb:68 smb:3531 d:- ref:0 ;
in:335 out:334 type:P dur:2 cpbdur:2 q:31.66 aq:27.31 tex:171118 mv:8765 misc:2229 imb:9 pmb:3062 smb:529 d:s ref:0 ;
in:334 out:335 type:b dur:2 cpbdur:2 q:31.63 aq:33.61 tex:1175 mv:465 misc:376 imb:0 pmb:47 smb:3553 d:t ref:0 ;
in:339 out:336 type:P dur:2 cpbdur:2 q:31.60 aq:27.62 tex:175412 mv:9402 misc:2082 imb:15 pmb:3128 smb:457 d:s ref:0 ;
in:337 out:337 type:B dur:2 cpbdur:2 q:31.63 aq:33.90 tex:1877 mv:1733 misc:1046 imb:0 pmb:180 smb:3420 d:s ref:0 ;
in:336 out:338 type:b dur:2 cpbdur:2 q:31.65 aq:32.36 tex:37 mv:149 misc:374 imb:0 pmb:34 smb:3566 d:s ref:0 ;
in:338 out:339 type:b dur:2 cpbdur:2 q:31.62 aq:32.90 tex:384 mv:157 misc:315 imb:0 pmb:20 smb:3580 d:- ref:0 ;
in:343 out:340 type:P dur:2 cpbdur:2 q:31.57 aq:28.02 tex:155878 mv:9327 misc:2419 imb:25 pmb:2954 smb:621 d:s ref:0 ;
in:341 out:341 type:B dur:2 cpbdur:2 q:31.59 aq:31.71 tex:5363 mv:2426 misc:1427 imb:1 pmb:301 smb:3298 d:s ref:0 ;
in:340 out:342 type:b dur:2 cpbdur:2 q:31.59 aq:32.27 tex:43 mv:118 misc:407 imb:0 pmb:39 smb:3561 d:s ref:0 ;
in:342 out:343 type:b dur:2 cpbdur:2 q:31.58 aq:34.22 tex:1637 mv:281 misc:386 imb:1 pmb:47 smb:3552 d:- ref:0 ;
in:345 out:344 type:P dur:2 cpbdur:2 q:31.72 aq:28.25 tex:114242 mv:7377 misc:2989 imb:9 pmb:2611 smb:980 d:s ref:0 ;
in:344 out:345 type:b dur:2 cpbdur:2 q:31.65 aq:33.84 tex:647 mv:250 misc:343 imb:0 pmb:29 smb:3571 d:s ref:0 ;
in:349 out:346 type:P dur:2 cpbdur:2 q:31.66 aq:29.02 tex:102253 mv:8529 misc:2962 imb:14 pmb:2618 smb:968 d:s ref:0 ;
in:347 out:347 type:B dur:2 cpbdur:2 q:31.69 aq:33.63 tex:1533 mv:1695 misc:1100 imb:0 pmb:191 smb:3409 d:s ref:0 ;
in:346 out:348 type:b dur:2 cpbdur:2 q:31.71 aq:31.00 tex:4 mv:68 misc:368 imb:0 pmb:25 smb:3575 d:s ref:0 ;
in:348 out:349 type:b dur:2 cpbdur:2 q:31.67 aq:33.30 tex:114 mv:152 misc:334 imb:0 pmb:18 smb:3582 d:- ref:0 ;
in:353 out:350 type:P dur:2 cpbdur:2 q:31.73 aq:30.72 tex:77720 mv:8061 misc:3251 imb:29 pmb:2109 smb:1462 d:s ref:0 ;
in:351 out:351 type:B dur:2 cpbdur:2 q:31.69 aq:31.65 tex:5245 mv:3745 misc:2090 imb:0 pmb:513 smb:3087 d:s ref:0 ;
in:350 out:352 type:b dur:2 cpbdur:2 q:31.68 aq:31.91 tex:95 mv:217 misc:480 imb:0 pmb:45 smb:3555 d:s ref:0 ;
in:352 out:353 type:b dur:2 cpbdur:2 q:31.71 aq:33.01 tex:561 mv:341 misc:474 imb:0 pmb:51 smb:3549 d:- ref:0 ;
in:355 out:354 type:P dur:2 cpbdur:2 q:31.64 aq:32.25 tex:47937 mv:5708 misc:3043 imb:7 pmb:1413 smb:2180 d:s ref:0 w:0,1,-1 ;
in:354 out:355 type:b dur:2 cpbdur:2 q:31.68 aq:32.49 tex:869 mv:601 misc:522 imb:0 pmb:66 smb:3534 d:s ref:0 ;
in:357 out:356 type:P dur:2 cpbdur:2 q:31.61 aq:32.55 tex:220589 mv:23463 misc:940 imb:2547 pmb:927 smb:126 d:s ref:0 w:7,111,16,4,16,0,15,8 ;
in:356 out:357 type:b dur:2 cpbdur:2 q:31.62 aq:30.00 tex:6 mv:44 misc:270 imb:0 pmb:11 smb:3589 d:s ref:0 ;
in:358 out:358 type:P dur:2 cpbdur:2 q:31.65 aq:31.04 tex:163495 mv:26558 misc:403 imb:3296 pmb:302 smb:2 d:s ref:0 ;
